VALIDATION FAILURE - Backend TypeScript Compilation (Attempt 1/100)

The project validation failed at the "Backend TypeScript Compilation" step. You need to analyze the error and fix it.

## Error Details:
server.test.ts(2816,39): error TS2304: Cannot find name 'adminToken'.
server.ts(25,48): error TS2345: Argument of type '{ connectionString: string; ssl: { require: boolean; }; } | { host: string; database: string; user: string; password: string; port: number; ssl: { require: boolean; }; }' is not assignable to parameter of type 'PoolConfig'.
  Type '{ connectionString: string; ssl: { require: boolean; }; }' is not assignable to type 'PoolConfig'.
    Types of property 'ssl' are incompatible.
      Object literal may only specify known properties, and 'require' does not exist in type 'ConnectionOptions'.
server.ts(56,138): error TS2339: Property 'user_id' does not exist on type 'string | JwtPayload'.
  Property 'user_id' does not exist on type 'string'.
server.ts(184,13): error TS2339: Property 'user' does not exist on type 'Request<{}, any, any, ParsedQs, Record<string, any>>'.
server.ts(185,102): error TS2339: Property 'user' does not exist on type 'Request<{}, any, any, ParsedQs, Record<string, any>>'.
server.ts(187,20): error TS2339: Property 'user' does not exist on type 'Request<{}, any, any, ParsedQs, Record<string, any>>'.
server.ts(187,49): error TS2339: Property 'user' does not exist on type 'Request<{}, any, any, ParsedQs, Record<string, any>>'.
server.ts(188,99): error TS2339: Property 'user' does not exist on type 'Request<{}, any, any, ParsedQs, Record<string, any>>'.
server.ts(191,26): error TS2339: Property 'user' does not exist on type 'Request<{}, any, any, ParsedQs, Record<string, any>>'.
server.ts(269,30): error TS2345: Argument of type 'string | 1 | ParsedQs | (string | ParsedQs)[]' is not assignable to parameter of type 'string'.
  Type 'number' is not assignable to type 'string'.
server.ts(269,52): error TS2345: Argument of type 'string | 20 | ParsedQs | (string | ParsedQs)[]' is not assignable to parameter of type 'string'.
  Type 'number' is not assignable to type 'string'.
server.ts(279,26): error TS2345: Argument of type 'string | 20 | ParsedQs | (string | ParsedQs)[]' is not assignable to parameter of type 'string'.
  Type 'number' is not assignable to type 'string'.
server.ts(282,93): error TS2345: Argument of type 'string | 1 | ParsedQs | (string | ParsedQs)[]' is not assignable to parameter of type 'string'.
  Type 'number' is not assignable to type 'string'.
server.ts(282,167): error TS2345: Argument of type 'string | 20 | ParsedQs | (string | ParsedQs)[]' is not assignable to parameter of type 'string'.
  Type 'number' is not assignable to type 'string'.
server.ts(333,30): error TS2345: Argument of type 'string | 1 | ParsedQs | (string | ParsedQs)[]' is not assignable to parameter of type 'string'.
  Type 'number' is not assignable to type 'string'.
server.ts(335,25): error TS2339: Property 'user' does not exist on type 'Request<{}, any, any, ParsedQs, Record<string, any>>'.
server.ts(361,21): error TS2339: Property 'user' does not exist on type 'Request<{}, any, any, ParsedQs, Record<string, any>>'.
server.ts(374,121): error TS2339: Property 'user' does not exist on type 'Request<{}, any, any, ParsedQs, Record<string, any>>'.
server.ts(379,30): error TS2339: Property 'user' does not exist on type 'Request<{}, any, any, ParsedQs, Record<string, any>>'.
server.ts(380,150): error TS2339: Property 'user' does not exist on type 'Request<{}, any, any, ParsedQs, Record<string, any>>'.
server.ts(394,13): error TS2339: Property 'user' does not exist on type 'Request<{ quote_id: string; }, any, any, ParsedQs, Record<string, any>>'.
server.ts(394,67): error TS2339: Property 'user' does not exist on type 'Request<{ quote_id: string; }, any, any, ParsedQs, Record<string, any>>'.
server.ts(414,13): error TS2339: Property 'user' does not exist on type 'Request<{ quote_id: string; }, any, any, ParsedQs, Record<string, any>>'.
server.ts(414,67): error TS2339: Property 'user' does not exist on type 'Request<{ quote_id: string; }, any, any, ParsedQs, Record<string, any>>'.
server.ts(434,30): error TS2339: Property 'user' does not exist on type 'Request<{ quote_id: string; }, any, any, ParsedQs, Record<string, any>>'.
server.ts(436,228): error TS2339: Property 'user' does not exist on type 'Request<{ quote_id: string; }, any, any, ParsedQs, Record<string, any>>'.
server.ts(449,30): error TS2345: Argument of type 'string | 1 | ParsedQs | (string | ParsedQs)[]' is not assignable to parameter of type 'string'.
  Type 'number' is not assignable to type 'string'.
server.ts(500,30): error TS2339: Property 'user' does not exist on type 'Request<{ quote_id: string; }, any, any, ParsedQs, Record<string, any>>'.
server.ts(501,267): error TS2339: Property 'user' does not exist on type 'Request<{ quote_id: string; }, any, any, ParsedQs, Record<string, any>>'.
server.ts(511,14): error TS2339: Property 'file' does not exist on type 'Request<{}, any, any, ParsedQs, Record<string, any>>'.
server.ts(514,37): error TS2339: Property 'file' does not exist on type 'Request<{}, any, any, ParsedQs, Record<string, any>>'.
server.ts(517,22): error TS2339: Property 'user' does not exist on type 'Request<{}, any, any, ParsedQs, Record<string, any>>'.
server.ts(517,80): error TS2339: Property 'file' does not exist on type 'Request<{}, any, any, ParsedQs, Record<string, any>>'.
server.ts(517,99): error TS2339: Property 'file' does not exist on type 'Request<{}, any, any, ParsedQs, Record<string, any>>'.
server.ts(517,122): error TS2339: Property 'file' does not exist on type 'Request<{}, any, any, ParsedQs, Record<string, any>>'.
server.ts(520,161): error TS2339: Property 'file' does not exist on type 'Request<{}, any, any, ParsedQs, Record<string, any>>'.
server.ts(520,195): error TS2339: Property 'file' does not exist on type 'Request<{}, any, any, ParsedQs, Record<string, any>>'.
server.ts(520,231): error TS2339: Property 'file' does not exist on type 'Request<{}, any, any, ParsedQs, Record<string, any>>'.
server.ts(520,261): error TS2339: Property 'user' does not exist on type 'Request<{}, any, any, ParsedQs, Record<string, any>>'.
server.ts(534,13): error TS2339: Property 'user' does not exist on type 'Request<{ upload_id: string; }, any, any, ParsedQs, Record<string, any>>'.
server.ts(534,70): error TS2339: Property 'user' does not exist on type 'Request<{ upload_id: string; }, any, any, ParsedQs, Record<string, any>>'.
server.ts(548,13): error TS2339: Property 'user' does not exist on type 'Request<{ upload_id: string; }, any, any, ParsedQs, Record<string, any>>'.
server.ts(548,70): error TS2339: Property 'user' does not exist on type 'Request<{ upload_id: string; }, any, any, ParsedQs, Record<string, any>>'.
server.ts(575,28): error TS2769: No overload matches this call.
  Overload 1 of 5, '(value: string | number | Date): Date', gave the following error.
    Argument of type 'string | ParsedQs | (string | ParsedQs)[]' is not assignable to parameter of type 'string | number | Date'.
      Type 'ParsedQs' is not assignable to type 'string | number | Date'.
        Type 'ParsedQs' is missing the following properties from type 'Date': toDateString, toTimeString, toLocaleDateString, toLocaleTimeString, and 38 more.
  Overload 2 of 5, '(vd: VarDate): Date', gave the following error.
    Argument of type 'string | ParsedQs | (string | ParsedQs)[]' is not assignable to parameter of type 'VarDate'.
      Type 'string' is not assignable to type 'VarDate'.
  Overload 3 of 5, '(value: string | number): Date', gave the following error.
    Argument of type 'string | ParsedQs | (string | ParsedQs)[]' is not assignable to parameter of type 'string | number'.
      Type 'ParsedQs' is not assignable to type 'string | number'.
server.ts(576,33): error TS2769: No overload matches this call.
  Overload 1 of 5, '(value: string | number | Date): Date', gave the following error.
    Argument of type 'string | ParsedQs | (string | ParsedQs)[]' is not assignable to parameter of type 'string | number | Date'.
      Type 'ParsedQs' is not assignable to type 'string | number | Date'.
        Type 'ParsedQs' is missing the following properties from type 'Date': toDateString, toTimeString, toLocaleDateString, toLocaleTimeString, and 38 more.
  Overload 2 of 5, '(vd: VarDate): Date', gave the following error.
    Argument of type 'string | ParsedQs | (string | ParsedQs)[]' is not assignable to parameter of type 'VarDate'.
      Type 'string' is not assignable to type 'VarDate'.
  Overload 3 of 5, '(value: string | number): Date', gave the following error.
    Argument of type 'string | ParsedQs | (string | ParsedQs)[]' is not assignable to parameter of type 'string | number'.
      Type 'ParsedQs' is not assignable to type 'string | number'.
server.ts(599,25): error TS2339: Property 'user' does not exist on type 'Request<{}, any, any, ParsedQs, Record<string, any>>'.
server.ts(617,113): error TS2339: Property 'user' does not exist on type 'Request<{}, any, any, ParsedQs, Record<string, any>>'.
server.ts(623,33): error TS2339: Property 'user' does not exist on type 'Request<{}, any, any, ParsedQs, Record<string, any>>'.
server.ts(626,154): error TS2339: Property 'user' does not exist on type 'Request<{}, any, any, ParsedQs, Record<string, any>>'.
server.ts(640,13): error TS2339: Property 'user' does not exist on type 'Request<{ booking_id: string; }, any, any, ParsedQs, Record<string, any>>'.
server.ts(640,69): error TS2339: Property 'user' does not exist on type 'Request<{ booking_id: string; }, any, any, ParsedQs, Record<string, any>>'.
server.ts(655,13): error TS2339: Property 'user' does not exist on type 'Request<{ booking_id: string; }, any, any, ParsedQs, Record<string, any>>'.
server.ts(655,69): error TS2339: Property 'user' does not exist on type 'Request<{ booking_id: string; }, any, any, ParsedQs, Record<string, any>>'.
server.ts(689,30): error TS2345: Argument of type 'string | 1 | ParsedQs | (string | ParsedQs)[]' is not assignable to parameter of type 'string'.
  Type 'number' is not assignable to type 'string'.
server.ts(691,25): error TS2339: Property 'user' does not exist on type 'Request<{}, any, any, ParsedQs, Record<string, any>>'.
server.ts(722,13): error TS2339: Property 'user' does not exist on type 'Request<{ order_id: string; }, any, any, ParsedQs, Record<string, any>>'.
server.ts(722,67): error TS2339: Property 'user' does not exist on type 'Request<{ order_id: string; }, any, any, ParsedQs, Record<string, any>>'.
server.ts(760,30): error TS2339: Property 'user' does not exist on type 'Request<{ order_id: string; }, any, any, ParsedQs, Record<string, any>>'.
server.ts(762,228): error TS2339: Property 'user' does not exist on type 'Request<{ order_id: string; }, any, any, ParsedQs, Record<string, any>>'.
server.ts(762,258): error TS2339: Property 'user' does not exist on type 'Request<{ order_id: string; }, any, any, ParsedQs, Record<string, any>>'.
server.ts(765,191): error TS2339: Property 'user' does not exist on type 'Request<{ order_id: string; }, any, any, ParsedQs, Record<string, any>>'.
server.ts(779,13): error TS2339: Property 'user' does not exist on type 'Request<{}, any, any, ParsedQs, Record<string, any>>'.
server.ts(780,23): error TS2339: Property 'user' does not exist on type 'Request<{}, any, any, ParsedQs, Record<string, any>>'.
server.ts(809,30): error TS2345: Argument of type 'string | 1 | ParsedQs | (string | ParsedQs)[]' is not assignable to parameter of type 'string'.
  Type 'number' is not assignable to type 'string'.
server.ts(861,56): error TS2339: Property 'user' does not exist on type 'Request<{ order_id: string; }, any, any, ParsedQs, Record<string, any>>'.
server.ts(865,229): error TS2339: Property 'user' does not exist on type 'Request<{ order_id: string; }, any, any, ParsedQs, Record<string, any>>'.
server.ts(865,265): error TS2339: Property 'user' does not exist on type 'Request<{ order_id: string; }, any, any, ParsedQs, Record<string, any>>'.
server.ts(879,35): error TS2339: Property 'user' does not exist on type 'Request<{ proof_id: string; }, any, any, ParsedQs, Record<string, any>>'.
server.ts(900,35): error TS2339: Property 'user' does not exist on type 'Request<{ proof_id: string; }, any, any, ParsedQs, Record<string, any>>'.
server.ts(936,87): error TS2339: Property 'user' does not exist on type 'Request<{ order_id: string; }, any, any, ParsedQs, Record<string, any>>'.
server.ts(936,115): error TS2339: Property 'user' does not exist on type 'Request<{ order_id: string; }, any, any, ParsedQs, Record<string, any>>'.
server.ts(966,13): error TS2339: Property 'user' does not exist on type 'Request<{ invoice_id: string; }, any, any, ParsedQs, Record<string, any>>'.
server.ts(966,69): error TS2339: Property 'user' does not exist on type 'Request<{ invoice_id: string; }, any, any, ParsedQs, Record<string, any>>'.
server.ts(1005,34): error TS2339: Property 'user' does not exist on type 'Request<{ thread_id: string; }, any, any, ParsedQs, Record<string, any>>'.
server.ts(1008,160): error TS2339: Property 'user' does not exist on type 'Request<{ thread_id: string; }, any, any, ParsedQs, Record<string, any>>'.
server.ts(1008,186): error TS2339: Property 'user' does not exist on type 'Request<{ thread_id: string; }, any, any, ParsedQs, Record<string, any>>'.
server.ts(1008,214): error TS2339: Property 'user' does not exist on type 'Request<{ thread_id: string; }, any, any, ParsedQs, Record<string, any>>'.
server.ts(1030,13): error TS2339: Property 'user' does not exist on type 'Request<{}, any, any, ParsedQs, Record<string, any>>'.
server.ts(1031,102): error TS2339: Property 'user' does not exist on type 'Request<{}, any, any, ParsedQs, Record<string, any>>'.
server.ts(1033,20): error TS2339: Property 'user' does not exist on type 'Request<{}, any, any, ParsedQs, Record<string, any>>'.
server.ts(1033,49): error TS2339: Property 'user' does not exist on type 'Request<{}, any, any, ParsedQs, Record<string, any>>'.
server.ts(1034,99): error TS2339: Property 'user' does not exist on type 'Request<{}, any, any, ParsedQs, Record<string, any>>'.
server.ts(1037,26): error TS2339: Property 'user' does not exist on type 'Request<{}, any, any, ParsedQs, Record<string, any>>'.
server.ts(1048,122): error TS2339: Property 'user' does not exist on type 'Request<{}, any, any, ParsedQs, Record<string, any>>'.
server.ts(1050,13): error TS2339: Property 'user' does not exist on type 'Request<{}, any, any, ParsedQs, Record<string, any>>'.
server.ts(1068,25): error TS2339: Property 'user' does not exist on type 'Request<{}, any, any, ParsedQs, Record<string, any>>'.
server.ts(1084,92): error TS2339: Property 'user' does not exist on type 'Request<{}, any, any, ParsedQs, Record<string, any>>'.
server.ts(1086,137): error TS2339: Property 'user' does not exist on type 'Request<{}, any, any, ParsedQs, Record<string, any>>'.
server.ts(1096,103): error TS2339: Property 'user' does not exist on type 'Request<{}, any, any, ParsedQs, Record<string, any>>'.
server.ts(1101,18): error TS2339: Property 'user' does not exist on type 'Request<{}, any, any, ParsedQs, Record<string, any>>'.
server.ts(1136,21): error TS2339: Property 'user' does not exist on type 'Request<{}, any, any, ParsedQs, Record<string, any>>'.
server.ts(1149,30): error TS2345: Argument of type 'string | 1 | ParsedQs | (string | ParsedQs)[]' is not assignable to parameter of type 'string'.
  Type 'number' is not assignable to type 'string'.
server.ts(1468,30): error TS2345: Argument of type 'string | 1 | ParsedQs | (string | ParsedQs)[]' is not assignable to parameter of type 'string'.
  Type 'number' is not assignable to type 'string'.
server.ts(1524,25): error TS2769: No overload matches this call.
  The last overload gave the following error.
    Argument of type 'string' is not assignable to parameter of type 'number'.


## Validation Context:
- Step: Backend TypeScript Compilation
- Working Directory: /app/backend
- Attempt: 1/100
- Previous failures for this step: 1

## Project Memory Summary:
- Total validation attempts: 4
- Common issues encountered: None
- Known dependencies: @hookform/resolvers, @radix-ui/react-accordion, @radix-ui/react-alert-dialog, @radix-ui/react-aspect-ratio, @radix-ui/react-avatar, @radix-ui/react-checkbox, @radix-ui/react-collapsible, @radix-ui/react-context-menu, @radix-ui/react-dialog, @radix-ui/react-dropdown-menu
- Missing dependencies: None

## Project Structure:
FULL PROJECT STRUCTURE CONTEXT for Agent:
=====================================

Working Directory: /app/backend

PROJECT DIRECTORIES:
/app
/app/.git
/app/.git/info
/app/.git/branches
/app/.git/hooks
/app/.git/refs
/app/.git/refs/heads
/app/.git/refs/tags
/app/.git/refs/remotes
/app/.git/objects
/app/.git/objects/pack
/app/.git/objects/info
/app/.git/objects/d5
/app/.git/objects/c3
/app/.git/objects/be
/app/.git/objects/b0
/app/.git/objects/da
/app/.git/objects/c7
/app/.git/objects/f4
/app/.git/objects/05


KEY PROJECT FILES:
/app/README.md
/app/backend/initdb.js
/app/backend/jest.config.ts
/app/backend/package.json
/app/backend/schema.ts
/app/backend/server.test.ts
/app/backend/server.ts
/app/backend/tsconfig.json
/app/backend/package-lock.json
/app/exports/1766773609521.json
/app/exports/1766773944265.json
/app/exports/1766774201538.json
/app/exports/1766774234664.json
/app/exports/1766775041825.json
/app/exports/1766775047167.json
/app/exports/1766775429077.json
/app/exports/1766775431428.json
/app/exports/1766776238887.json
/app/exports/1766776238895.json
/app/exports/1766776240855.json
/app/exports/1766776336991.json
/app/exports/1766776337039.json
/app/exports/1766776480661.json
/app/exports/1766776480685.json
/app/exports/1766776482458.json
/app/exports/1766776589080.json
/app/exports/1766776589267.json
/app/exports/1766776591163.json
/app/exports/1766776595468.json
/app/exports/1766776595493.json
/app/exports/1766776596180.json
/app/exports/1766776596233.json
/app/exports/1766776597094.json
/app/exports/1766776597135.json
/app/exports/1766776597223.json
/app/exports/1766776597838.json
/app/exports/1766776598224.json
/app/exports/1766776598593.json
/app/exports/1766776598687.json
/app/exports/1766776599439.json
/app/exports/1766776604620.json
/app/exports/1766776604641.json
/app/exports/1766776605607.json
/app/exports/1766776615377.json
/app/exports/1766776615397.json
/app/exports/1766776616891.json
/app/exports/1766776628507.json
/app/exports/1766776628736.json
/app/exports/1766776629685.json
/app/exports/1766776630599.json


FRONTEND (vitereact) PACKAGE.JSON:
  Scripts: dev, build, lint, preview
  Dependencies: 64 packages
  DevDependencies: 16 packages
  Key Dependencies: @hookform/resolvers, @radix-ui/react-accordion, @radix-ui/react-alert-dialog, @radix-ui/react-aspect-ratio, @radix-ui/react-avatar, @radix-ui/react-checkbox, @radix-ui/react-collapsible, @radix-ui/react-context-menu, @radix-ui/react-dialog, @radix-ui/react-dropdown-menu

BACKEND PACKAGE.JSON:
  Scripts: start, build, dev, test, test:watch, test:coverage
  Dependencies: 15 packages
  Key Dependencies: @electric-sql/pglite, @types/bcryptjs, bcryptjs, cors, dotenv, express, jsonwebtoken, morgan, pg, ts-node

ROOT PACKAGE.JSON:
  Scripts: dev

BACKEND SCHEMA AVAILABLE:
  Location: /app/backend/schema.ts
  Size: 52900 characters
  Contains Zod schemas for type validation

BACKEND SERVER AVAILABLE:
  Location: /app/backend/server.ts
  Size: 76528 characters
  Contains actual API endpoints and implementations

PROTECTED DIRECTORIES (DO NOT MODIFY):
  - /app/vitereact/src/components/ui/** (UI library)
  - /app/node_modules/** (Dependencies)
  - /app/.git/** (Version control)



## Previous Validation Failures for Backend TypeScript Compilation:
- 7:52:07 PM: 

## Your Task:
1. **Analyze the Error**: Understand what specifically went wrong in the Backend TypeScript Compilation step
2. **Check Previous Attempts**: Consider if this is a recurring issue based on validation history
3. **Locate the Problem**: Identify which files need to be modified
4. **Apply Fixes**: Use the available tools to fix the specific issues
5. **Focus on Root Cause**: Don't just suppress errors, fix the underlying problems





## Important Notes:
- You are working in a Modal Sandbox environment at /app/backend
- Make changes to the actual project files that will be used in the next validation attempt
- Always check packages are installed correctly, if not, install them, npm install
- For TypeScript errors: Fix type issues, missing imports, etc.
- For Build errors: Fix configuration issues, missing dependencies, syntax errors
- For Lint errors: Fix code style issues, unused variables, missing dependencies, etc.
- For Install errors: Fix package.json issues, dependency conflicts, etc.
- For SQL errors: Fix syntax issues, schema problems, foreign key constraints, etc.
- Use your memory context to avoid repeating failed approaches

after you have fixed the issues, run the following commands to make sure there are no errors left:
for typescript errors, run: cd /app/vitereact && npx tsc -b in /app/vitereact, it is important to run this command with -b so npx tsc -b in /app/vitereact
for lint errors run npm run lint in vitereact
for test errors, run: npm test in the appropriate directory (backend or vitereact)
for SQL errors, run: node initdb.js in the backend directory to test database initialization

MAKE SURE TO FIX ALL ERRORS! SMALL AND BIG!


The validation will retry this step after your fixes. Make sure to address the specific error shown above.